Traceback (most recent call last):
  File "C:\Projects\Hack\ado_integration.py", line 101, in get_credential
    print("\U0001f510 Using Interactive Browser credential (one-time login)...")
    ~~~~~^^^^^^^^^^^^^^^^^^^^^^^^^^^^^^^^^^^^^^^^^^^^^^^^^^^^^^^^^^^^^^^
  File "C:\Program Files\Python313\Lib\encodings\cp1252.py", line 19, in encode
    return codecs.charmap_encode(input,self.errors,encoding_table)[0]
           ~~~~~~~~~~~~~~~~~~~~~^^^^^^^^^^^^^^^^^^^^^^^^^^^^^^^^^^
UnicodeEncodeError: 'charmap' codec can't encode character '\U0001f510' in position 0: character maps to <undefined>

During handling of the above exception, another exception occurred:

Traceback (most recent call last):
  File "C:\Projects\Hack\app.py", line 233, in <module>
    ado_client = AzureDevOpsClient()
  File "C:\Projects\Hack\ado_integration.py", line 164, in __init__
    self.credential = self.config.get_credential()
                      ~~~~~~~~~~~~~~~~~~~~~~~~~~^^
  File "C:\Projects\Hack\ado_integration.py", line 116, in get_credential
    print(f"\u26a0\ufe0f  Interactive Browser credential failed: {e}")
    ~~~~~^^^^^^^^^^^^^^^^^^^^^^^^^^^^^^^^^^^^^^^^^^^^^^^^^^^
  File "C:\Program Files\Python313\Lib\encodings\cp1252.py", line 19, in encode
    return codecs.charmap_encode(input,self.errors,encoding_table)[0]
           ~~~~~~~~~~~~~~~~~~~~~^^^^^^^^^^^^^^^^^^^^^^^^^^^^^^^^^^
UnicodeEncodeError: 'charmap' codec can't encode characters in position 0-1: character maps to <undefined>
